{
  "stats": {
    "suites": 1,
    "tests": 2,
    "passes": 2,
    "pending": 0,
    "failures": 0,
    "start": "2023-08-29T08:33:51.909Z",
    "end": "2023-08-29T08:33:53.034Z",
    "duration": 1125,
    "testsRegistered": 2,
    "passPercent": 100,
    "pendingPercent": 0,
    "other": 0,
    "hasOther": false,
    "skipped": 0,
    "hasSkipped": false
  },
  "results": [
    {
      "uuid": "8eb9582f-9f6a-4102-9809-23baeb5a6b0f",
      "title": "",
      "fullFile": "C:\\Users\\abadi-photo\\Documents\\API-Test-with-Javascript\\test\\api\\chaiAssert.js",
      "file": "\\test\\api\\chaiAssert.js",
      "beforeHooks": [],
      "afterHooks": [],
      "tests": [],
      "suites": [
        {
          "uuid": "e25ad98d-6565-4f07-b310-aa626caaccfe",
          "title": "Post Request Example",
          "fullFile": "C:\\Users\\abadi-photo\\Documents\\API-Test-with-Javascript\\test\\api\\chaiAssert.js",
          "file": "\\test\\api\\chaiAssert.js",
          "beforeHooks": [],
          "afterHooks": [],
          "tests": [
            {
              "title": "response status equal to 200",
              "fullTitle": "Post Request Example response status equal to 200",
              "timedOut": false,
              "duration": 1110,
              "state": "passed",
              "speed": "slow",
              "pass": true,
              "fail": false,
              "pending": false,
              "context": null,
              "code": "// check response harus sama dengan 200\nexpect((await response).status).to.equal(200)",
              "err": {},
              "uuid": "cc426505-8d7a-4b66-83de-323cd2f321ea",
              "parentUUID": "e25ad98d-6565-4f07-b310-aa626caaccfe",
              "isHook": false,
              "skipped": false
            },
            {
              "title": "response body to haveOwnProperty",
              "fullTitle": "Post Request Example response body to haveOwnProperty",
              "timedOut": false,
              "duration": 2,
              "state": "passed",
              "speed": "fast",
              "pass": true,
              "fail": false,
              "pending": false,
              "context": null,
              "code": "// expect dalam body response terdapat value message\nexpect((await response).body).to.haveOwnProperty('message')",
              "err": {},
              "uuid": "15ec058b-5f39-499a-bde4-9eebc7cf31bb",
              "parentUUID": "e25ad98d-6565-4f07-b310-aa626caaccfe",
              "isHook": false,
              "skipped": false
            }
          ],
          "suites": [],
          "passes": [
            "cc426505-8d7a-4b66-83de-323cd2f321ea",
            "15ec058b-5f39-499a-bde4-9eebc7cf31bb"
          ],
          "failures": [],
          "pending": [],
          "skipped": [],
          "duration": 1112,
          "root": false,
          "rootEmpty": false,
          "_timeout": 2000
        }
      ],
      "passes": [],
      "failures": [],
      "pending": [],
      "skipped": [],
      "duration": 0,
      "root": true,
      "rootEmpty": true,
      "_timeout": 2000
    }
  ],
  "meta": {
    "mocha": {
      "version": "10.2.0"
    },
    "mochawesome": {
      "options": {
        "quiet": false,
        "reportFilename": "mochawesome",
        "saveHtml": true,
        "saveJson": true,
        "consoleReporter": "spec",
        "useInlineDiffs": false,
        "code": true
      },
      "version": "7.1.3"
    },
    "marge": {
      "options": null,
      "version": "6.2.0"
    }
  }
}